<?xml version="1.0" encoding="UTF-8"?>
<testsuite name="controllers.MainTest$Listing" tests="4" skipped="0" failures="0" errors="0" timestamp="2023-12-02T11:00:58" hostname="LAPTOP-BKGB23SF" time="0.028">
  <properties/>
  <testcase name="Listing players()" classname="controllers.MainTest$Listing" time="0.015"/>
  <testcase name="Listing games()" classname="controllers.MainTest$Listing" time="0.003"/>
  <testcase name="Listing empty players()" classname="controllers.MainTest$Listing" time="0.001"/>
  <testcase name="Listing empty games()" classname="controllers.MainTest$Listing" time="0.002"/>
  <system-out><![CDATA[]]></system-out>
  <system-err><![CDATA[]]></system-err>
</testsuite>
